Fri Aug 25 10:18:24 CEST 2017 : Could not listen on port 1527 on host 127.0.0.1:
 java.net.BindException: Address already in use: JVM_Bind
An exception was thrown during network server startup. DRDA_ListenPort.S:Could not listen on port 1527 on host 127.0.0.1:
 java.net.BindException: Address already in use: JVM_Bind
Fri Aug 25 10:18:24 CEST 2017 : Apache Derby Network Server - 10.13.1.1 - (1765088) started and ready to accept connections on port 1527
java.lang.reflect.InvocationTargetException
	at sun.reflect.NativeMethodAccessorImpl.invoke0(Native Method)
	at sun.reflect.NativeMethodAccessorImpl.invoke(NativeMethodAccessorImpl.java:62)
	at sun.reflect.DelegatingMethodAccessorImpl.invoke(DelegatingMethodAccessorImpl.java:43)
	at java.lang.reflect.Method.invoke(Method.java:497)
	at org.apache.derby.iapi.jdbc.DRDAServerStarter.run(Unknown Source)
	at java.lang.Thread.run(Thread.java:745)
Caused by: java.lang.Exception: DRDA_ListenPort.S:Could not listen on port 1527 on host 127.0.0.1:
 java.net.BindException: Address already in use: JVM_Bind
	at org.apache.derby.impl.drda.NetworkServerControlImpl.consolePropertyMessageWork(Unknown Source)
	at org.apache.derby.impl.drda.NetworkServerControlImpl.consolePropertyMessage(Unknown Source)
	at org.apache.derby.impl.drda.NetworkServerControlImpl.blockingStart(Unknown Source)
	... 6 more
----------------------------------------------------------------
Fri Aug 25 10:18:24 CEST 2017:
Booting Derby version The Apache Software Foundation - Apache Derby - 10.13.1.1 - (1765088): instance a816c00e-015e-1878-807c-0000065573e0 
on database directory C:\Users\Marco\Desktop\java\ValmirProject\DevisChantier0.2\DevisChantier with class loader sun.misc.Launcher$AppClassLoader@5c647e05 
Loaded from file:/C:/Users/Marco/Desktop/java/ValmirProject/DevisChantier0.2/dist/run1350415141/lib/derby.jar
java.vendor=Oracle Corporation
java.runtime.version=1.8.0_51-b16
user.dir=C:\Users\Marco\Desktop\java\ValmirProject\DevisChantier0.2
os.name=Windows 8.1
os.arch=amd64
os.version=6.3
derby.system.home=null
Database Class Loader started - derby.database.classpath=''
